2017/7/17 9:28:15|38|Error|Application Error: System.InvalidOperationException: The Entity Framework provider type 'System.Data.Entity.SqlServerCompact.SqlCeProviderServices, EntityFramework.SqlServerCompact' registered in the application config file for the ADO.NET provider with invariant name 'System.Data.SqlServerCe.4.0' could not be loaded. Make sure that the assembly-qualified name is used and that the assembly is available to the running application. See http://go.microsoft.com/fwlink/?LinkId=260882 for more information.
   在 System.Data.Entity.Infrastructure.DependencyResolution.ProviderServicesFactory.GetInstance(String providerTypeName, String providerInvariantName)
   在 System.Data.Entity.Internal.AppConfig.<.ctor>b__2(ProviderElement e)
   在 System.Linq.Enumerable.WhereSelectEnumerableIterator`2.MoveNext()
   在 System.Collections.Generic.List`1..ctor(IEnumerable`1 collection)
   在 System.Linq.Enumerable.ToList[TSource](IEnumerable`1 source)
   在 System.Data.Entity.Internal.AppConfig.<.ctor>b__1()
   在 System.Lazy`1.CreateValue()
   在 System.Lazy`1.LazyInitValue()
   在 System.Lazy`1.get_Value()
   在 System.Data.Entity.Internal.AppConfig.get_DbProviderServices()
   在 System.Data.Entity.Infrastructure.DependencyResolution.AppConfigDependencyResolver.RegisterDbProviderServices()
   在 System.Data.Entity.Infrastructure.DependencyResolution.AppConfigDependencyResolver.GetServiceFactory(Type type, String name)
   在 System.Data.Entity.Infrastructure.DependencyResolution.AppConfigDependencyResolver.<>c__DisplayClass1.<GetService>b__0(Tuple`2 t)
   在 System.Collections.Concurrent.ConcurrentDictionary`2.GetOrAdd(TKey key, Func`2 valueFactory)
   在 System.Data.Entity.Infrastructure.DependencyResolution.AppConfigDependencyResolver.GetService(Type type, Object key)
   在 System.Data.Entity.Infrastructure.DependencyResolution.ResolverChain.<>c__DisplayClass3.<GetService>b__0(IDbDependencyResolver r)
   在 System.Linq.Enumerable.WhereSelectArrayIterator`2.MoveNext()
   在 System.Linq.Enumerable.FirstOrDefault[TSource](IEnumerable`1 source, Func`2 predicate)
   在 System.Data.Entity.Infrastructure.DependencyResolution.ResolverChain.GetService(Type type, Object key)
   在 System.Data.Entity.Infrastructure.DependencyResolution.CompositeResolver`2.GetService(Type type, Object key)
   在 System.Data.Entity.Infrastructure.DependencyResolution.DbDependencyResolverExtensions.GetService[T](IDbDependencyResolver resolver)
   在 System.Data.Entity.DbContext.InitializeLazyInternalContext(IInternalConnection internalConnection, DbCompiledModel model)
   在 System.Data.Entity.DbContext..ctor(String nameOrConnectionString)
   在 LCL.Repositories.EntityFramework.LclDbContext..ctor(String nameOrConnectionString) 位置 F:\Github2018\LCL\trunk\Source\src\LCL.Repositories.EntityFramework\LclDbContext.cs:行号 24
   在 LCL.Domain.Repositories.EntityFramework.EFTestContext..ctor(String nameOrConnectionString) 位置 F:\Github2018\LCL\trunk\LCLDemo\LCL.Domain.Repositories\EntityFramework\EFTestContext.cs:行号 15
   在 LCL.WebMvc.Infrastructure.DependencyRegistrar.<>c.<RepositoryImp>b__1_1(IComponentContext c) 位置 F:\Github2018\LCL\trunk\LCLDemo\LCL.WebMvc\Infrastructure\DependencyRegistrar.cs:行号 33
   在 Autofac.RegistrationExtensions.<>c__DisplayClass5_0`1.<Register>b__0(IComponentContext c, IEnumerable`1 p)
   在 Autofac.Builder.RegistrationBuilder.<>c__DisplayClass0_0`1.<ForDelegate>b__0(IComponentContext c, IEnumerable`1 p)
   在 Autofac.Core.Activators.Delegate.DelegateActivator.ActivateInstance(IComponentContext context, IEnumerable`1 parameters)
   在 Autofac.Core.Resolving.InstanceLookup.Activate(IEnumerable`1 parameters)
2017/7/17 9:40:10|5|Error|Application Error: System.InvalidOperationException: The Entity Framework provider type 'System.Data.Entity.SqlServerCompact.SqlCeProviderServices, EntityFramework.SqlServerCompact' registered in the application config file for the ADO.NET provider with invariant name 'System.Data.SqlServerCe.4.0' could not be loaded. Make sure that the assembly-qualified name is used and that the assembly is available to the running application. See http://go.microsoft.com/fwlink/?LinkId=260882 for more information.
   在 System.Data.Entity.Infrastructure.DependencyResolution.ProviderServicesFactory.GetInstance(String providerTypeName, String providerInvariantName)
   在 System.Data.Entity.Internal.AppConfig.<.ctor>b__2(ProviderElement e)
   在 System.Linq.Enumerable.WhereSelectEnumerableIterator`2.MoveNext()
   在 System.Collections.Generic.List`1..ctor(IEnumerable`1 collection)
   在 System.Linq.Enumerable.ToList[TSource](IEnumerable`1 source)
   在 System.Data.Entity.Internal.AppConfig.<.ctor>b__1()
   在 System.Lazy`1.CreateValue()
   在 System.Lazy`1.LazyInitValue()
   在 System.Lazy`1.get_Value()
   在 System.Data.Entity.Internal.AppConfig.get_DbProviderServices()
   在 System.Data.Entity.Infrastructure.DependencyResolution.AppConfigDependencyResolver.RegisterDbProviderServices()
   在 System.Data.Entity.Infrastructure.DependencyResolution.AppConfigDependencyResolver.GetServiceFactory(Type type, String name)
   在 System.Data.Entity.Infrastructure.DependencyResolution.AppConfigDependencyResolver.<>c__DisplayClass1.<GetService>b__0(Tuple`2 t)
   在 System.Collections.Concurrent.ConcurrentDictionary`2.GetOrAdd(TKey key, Func`2 valueFactory)
   在 System.Data.Entity.Infrastructure.DependencyResolution.AppConfigDependencyResolver.GetService(Type type, Object key)
   在 System.Data.Entity.Infrastructure.DependencyResolution.ResolverChain.<>c__DisplayClass3.<GetService>b__0(IDbDependencyResolver r)
   在 System.Linq.Enumerable.WhereSelectArrayIterator`2.MoveNext()
   在 System.Linq.Enumerable.FirstOrDefault[TSource](IEnumerable`1 source, Func`2 predicate)
   在 System.Data.Entity.Infrastructure.DependencyResolution.ResolverChain.GetService(Type type, Object key)
   在 System.Data.Entity.Infrastructure.DependencyResolution.CompositeResolver`2.GetService(Type type, Object key)
   在 System.Data.Entity.Infrastructure.DependencyResolution.DbDependencyResolverExtensions.GetService[T](IDbDependencyResolver resolver)
   在 System.Data.Entity.DbContext.InitializeLazyInternalContext(IInternalConnection internalConnection, DbCompiledModel model)
   在 System.Data.Entity.DbContext..ctor(String nameOrConnectionString)
   在 LCL.Repositories.EntityFramework.LclDbContext..ctor(String nameOrConnectionString) 位置 F:\Github2018\LCL\trunk\Source\src\LCL.Repositories.EntityFramework\LclDbContext.cs:行号 24
   在 LCL.Domain.Repositories.EntityFramework.EFTestContext..ctor(String nameOrConnectionString) 位置 F:\Github2018\LCL\trunk\LCLDemo\LCL.Domain.Repositories\EntityFramework\EFTestContext.cs:行号 15
   在 LCL.WebMvc.Infrastructure.DependencyRegistrar.<>c.<RepositoryImp>b__1_1(IComponentContext c) 位置 F:\Github2018\LCL\trunk\LCLDemo\LCL.WebMvc\Infrastructure\DependencyRegistrar.cs:行号 33
   在 Autofac.RegistrationExtensions.<>c__DisplayClass5_0`1.<Register>b__0(IComponentContext c, IEnumerable`1 p)
   在 Autofac.Builder.RegistrationBuilder.<>c__DisplayClass0_0`1.<ForDelegate>b__0(IComponentContext c, IEnumerable`1 p)
   在 Autofac.Core.Activators.Delegate.DelegateActivator.ActivateInstance(IComponentContext context, IEnumerable`1 parameters)
   在 Autofac.Core.Resolving.InstanceLookup.Activate(IEnumerable`1 parameters)
2017/7/17 9:48:49|13|Error|Application Error: System.InvalidOperationException: The Entity Framework provider type 'System.Data.Entity.SqlServerCompact.SqlCeProviderServices, EntityFramework.SqlServerCompact' registered in the application config file for the ADO.NET provider with invariant name 'System.Data.SqlServerCe.4.0' could not be loaded. Make sure that the assembly-qualified name is used and that the assembly is available to the running application. See http://go.microsoft.com/fwlink/?LinkId=260882 for more information.
   在 System.Data.Entity.Infrastructure.DependencyResolution.ProviderServicesFactory.GetInstance(String providerTypeName, String providerInvariantName)
   在 System.Data.Entity.Internal.AppConfig.<.ctor>b__2(ProviderElement e)
   在 System.Linq.Enumerable.WhereSelectEnumerableIterator`2.MoveNext()
   在 System.Collections.Generic.List`1..ctor(IEnumerable`1 collection)
   在 System.Linq.Enumerable.ToList[TSource](IEnumerable`1 source)
   在 System.Data.Entity.Internal.AppConfig.<.ctor>b__1()
   在 System.Lazy`1.CreateValue()
   在 System.Lazy`1.LazyInitValue()
   在 System.Lazy`1.get_Value()
   在 System.Data.Entity.Internal.AppConfig.get_DbProviderServices()
   在 System.Data.Entity.Infrastructure.DependencyResolution.AppConfigDependencyResolver.RegisterDbProviderServices()
   在 System.Data.Entity.Infrastructure.DependencyResolution.AppConfigDependencyResolver.GetServiceFactory(Type type, String name)
   在 System.Data.Entity.Infrastructure.DependencyResolution.AppConfigDependencyResolver.<>c__DisplayClass1.<GetService>b__0(Tuple`2 t)
   在 System.Collections.Concurrent.ConcurrentDictionary`2.GetOrAdd(TKey key, Func`2 valueFactory)
   在 System.Data.Entity.Infrastructure.DependencyResolution.AppConfigDependencyResolver.GetService(Type type, Object key)
   在 System.Data.Entity.Infrastructure.DependencyResolution.ResolverChain.<>c__DisplayClass3.<GetService>b__0(IDbDependencyResolver r)
   在 System.Linq.Enumerable.WhereSelectArrayIterator`2.MoveNext()
   在 System.Linq.Enumerable.FirstOrDefault[TSource](IEnumerable`1 source, Func`2 predicate)
   在 System.Data.Entity.Infrastructure.DependencyResolution.ResolverChain.GetService(Type type, Object key)
   在 System.Data.Entity.Infrastructure.DependencyResolution.CompositeResolver`2.GetService(Type type, Object key)
   在 System.Data.Entity.Infrastructure.DependencyResolution.DbDependencyResolverExtensions.GetService[T](IDbDependencyResolver resolver)
   在 System.Data.Entity.DbContext.InitializeLazyInternalContext(IInternalConnection internalConnection, DbCompiledModel model)
   在 System.Data.Entity.DbContext..ctor(String nameOrConnectionString)
   在 LCL.Repositories.EntityFramework.LclDbContext..ctor(String nameOrConnectionString) 位置 F:\Github2018\LCL\trunk\Source\src\LCL.Repositories.EntityFramework\LclDbContext.cs:行号 24
   在 LCL.Domain.Repositories.EntityFramework.EFTestContext..ctor(String nameOrConnectionString) 位置 F:\Github2018\LCL\trunk\LCLDemo\LCL.Domain.Repositories\EntityFramework\EFTestContext.cs:行号 15
   在 LCL.WebMvc.Infrastructure.DependencyRegistrar.<>c.<RepositoryImp>b__1_1(IComponentContext c) 位置 F:\Github2018\LCL\trunk\LCLDemo\LCL.WebMvc\Infrastructure\DependencyRegistrar.cs:行号 33
   在 Autofac.RegistrationExtensions.<>c__DisplayClass5_0`1.<Register>b__0(IComponentContext c, IEnumerable`1 p)
   在 Autofac.Builder.RegistrationBuilder.<>c__DisplayClass0_0`1.<ForDelegate>b__0(IComponentContext c, IEnumerable`1 p)
   在 Autofac.Core.Activators.Delegate.DelegateActivator.ActivateInstance(IComponentContext context, IEnumerable`1 parameters)
   在 Autofac.Core.Resolving.InstanceLookup.Activate(IEnumerable`1 parameters)
2017/7/17 9:51:57|16|Error|Application Error: System.InvalidOperationException: The Entity Framework provider type 'System.Data.Entity.SqlServerCompact.SqlCeProviderServices, EntityFramework.SqlServerCompact' registered in the application config file for the ADO.NET provider with invariant name 'System.Data.SqlServerCe.4.0' could not be loaded. Make sure that the assembly-qualified name is used and that the assembly is available to the running application. See http://go.microsoft.com/fwlink/?LinkId=260882 for more information.
   在 System.Data.Entity.Infrastructure.DependencyResolution.ProviderServicesFactory.GetInstance(String providerTypeName, String providerInvariantName)
   在 System.Data.Entity.Internal.AppConfig.<.ctor>b__2(ProviderElement e)
   在 System.Linq.Enumerable.WhereSelectEnumerableIterator`2.MoveNext()
   在 System.Collections.Generic.List`1..ctor(IEnumerable`1 collection)
   在 System.Linq.Enumerable.ToList[TSource](IEnumerable`1 source)
   在 System.Data.Entity.Internal.AppConfig.<.ctor>b__1()
   在 System.Lazy`1.CreateValue()
--- 引发异常的上一位置中堆栈跟踪的末尾 ---
   在 System.Runtime.ExceptionServices.ExceptionDispatchInfo.Throw()
   在 System.Lazy`1.get_Value()
   在 System.Data.Entity.Internal.AppConfig.get_DbProviderServices()
   在 System.Data.Entity.Infrastructure.DependencyResolution.AppConfigDependencyResolver.RegisterDbProviderServices()
   在 System.Data.Entity.Infrastructure.DependencyResolution.AppConfigDependencyResolver.GetServiceFactory(Type type, String name)
   在 System.Data.Entity.Infrastructure.DependencyResolution.AppConfigDependencyResolver.<>c__DisplayClass1.<GetService>b__0(Tuple`2 t)
   在 System.Collections.Concurrent.ConcurrentDictionary`2.GetOrAdd(TKey key, Func`2 valueFactory)
   在 System.Data.Entity.Infrastructure.DependencyResolution.AppConfigDependencyResolver.GetService(Type type, Object key)
   在 System.Data.Entity.Infrastructure.DependencyResolution.ResolverChain.<>c__DisplayClass3.<GetService>b__0(IDbDependencyResolver r)
   在 System.Linq.Enumerable.WhereSelectArrayIterator`2.MoveNext()
   在 System.Linq.Enumerable.FirstOrDefault[TSource](IEnumerable`1 source, Func`2 predicate)
   在 System.Data.Entity.Infrastructure.DependencyResolution.ResolverChain.GetService(Type type, Object key)
   在 System.Data.Entity.Infrastructure.DependencyResolution.CompositeResolver`2.GetService(Type type, Object key)
   在 System.Data.Entity.Infrastructure.DependencyResolution.DbDependencyResolverExtensions.GetService[T](IDbDependencyResolver resolver)
   在 System.Data.Entity.DbContext.InitializeLazyInternalContext(IInternalConnection internalConnection, DbCompiledModel model)
   在 System.Data.Entity.DbContext..ctor(String nameOrConnectionString)
   在 LCL.Repositories.EntityFramework.LclDbContext..ctor(String nameOrConnectionString) 位置 F:\Github2018\LCL\trunk\Source\src\LCL.Repositories.EntityFramework\LclDbContext.cs:行号 24
   在 LCL.Domain.Repositories.EntityFramework.EFTestContext..ctor(String nameOrConnectionString) 位置 F:\Github2018\LCL\trunk\LCLDemo\LCL.Domain.Repositories\EntityFramework\EFTestContext.cs:行号 15
   在 LCL.WebMvc.Infrastructure.DependencyRegistrar.<>c.<RepositoryImp>b__1_1(IComponentContext c) 位置 F:\Github2018\LCL\trunk\LCLDemo\LCL.WebMvc\Infrastructure\DependencyRegistrar.cs:行号 33
   在 Autofac.RegistrationExtensions.<>c__DisplayClass5_0`1.<Register>b__0(IComponentContext c, IEnumerable`1 p)
   在 Autofac.Builder.RegistrationBuilder.<>c__DisplayClass0_0`1.<ForDelegate>b__0(IComponentContext c, IEnumerable`1 p)
   在 Autofac.Core.Activators.Delegate.DelegateActivator.ActivateInstance(IComponentContext context, IEnumerable`1 parameters)
   在 Autofac.Core.Resolving.InstanceLookup.Activate(IEnumerable`1 parameters)
2017/7/17 10:10:19|8|Error|Application Error: System.InvalidOperationException: The Entity Framework provider type 'System.Data.SQLite.EF6.SQLiteProviderServices, System.Data.SQLite.EF6' registered in the application config file for the ADO.NET provider with invariant name 'System.Data.SQLite' could not be loaded. Make sure that the assembly-qualified name is used and that the assembly is available to the running application. See http://go.microsoft.com/fwlink/?LinkId=260882 for more information.
   在 System.Data.Entity.Infrastructure.DependencyResolution.ProviderServicesFactory.GetInstance(String providerTypeName, String providerInvariantName)
   在 System.Data.Entity.Internal.AppConfig.<.ctor>b__2(ProviderElement e)
   在 System.Linq.Enumerable.WhereSelectEnumerableIterator`2.MoveNext()
   在 System.Collections.Generic.List`1..ctor(IEnumerable`1 collection)
   在 System.Linq.Enumerable.ToList[TSource](IEnumerable`1 source)
   在 System.Data.Entity.Internal.AppConfig.<.ctor>b__1()
   在 System.Lazy`1.CreateValue()
   在 System.Lazy`1.LazyInitValue()
   在 System.Lazy`1.get_Value()
   在 System.Data.Entity.Internal.AppConfig.get_DbProviderServices()
   在 System.Data.Entity.Infrastructure.DependencyResolution.AppConfigDependencyResolver.RegisterDbProviderServices()
   在 System.Data.Entity.Infrastructure.DependencyResolution.AppConfigDependencyResolver.GetServiceFactory(Type type, String name)
   在 System.Data.Entity.Infrastructure.DependencyResolution.AppConfigDependencyResolver.<>c__DisplayClass1.<GetService>b__0(Tuple`2 t)
   在 System.Collections.Concurrent.ConcurrentDictionary`2.GetOrAdd(TKey key, Func`2 valueFactory)
   在 System.Data.Entity.Infrastructure.DependencyResolution.AppConfigDependencyResolver.GetService(Type type, Object key)
   在 System.Data.Entity.Infrastructure.DependencyResolution.ResolverChain.<>c__DisplayClass3.<GetService>b__0(IDbDependencyResolver r)
   在 System.Linq.Enumerable.WhereSelectArrayIterator`2.MoveNext()
   在 System.Linq.Enumerable.FirstOrDefault[TSource](IEnumerable`1 source, Func`2 predicate)
   在 System.Data.Entity.Infrastructure.DependencyResolution.ResolverChain.GetService(Type type, Object key)
   在 System.Data.Entity.Infrastructure.DependencyResolution.CompositeResolver`2.GetService(Type type, Object key)
   在 System.Data.Entity.Infrastructure.DependencyResolution.DbDependencyResolverExtensions.GetService[T](IDbDependencyResolver resolver)
   在 System.Data.Entity.DbContext.InitializeLazyInternalContext(IInternalConnection internalConnection, DbCompiledModel model)
   在 System.Data.Entity.DbContext..ctor(String nameOrConnectionString)
   在 LCL.Repositories.EntityFramework.LclDbContext..ctor(String nameOrConnectionString) 位置 F:\Github2018\LCL\trunk\Source\src\LCL.Repositories.EntityFramework\LclDbContext.cs:行号 24
   在 LCL.Domain.Repositories.EntityFramework.EFTestContext..ctor(String nameOrConnectionString) 位置 F:\Github2018\LCL\trunk\LCLDemo\LCL.Domain.Repositories\EntityFramework\EFTestContext.cs:行号 15
   在 LCL.WebMvc.Infrastructure.DependencyRegistrar.<>c.<RepositoryImp>b__1_1(IComponentContext c) 位置 F:\Github2018\LCL\trunk\LCLDemo\LCL.WebMvc\Infrastructure\DependencyRegistrar.cs:行号 33
   在 Autofac.RegistrationExtensions.<>c__DisplayClass5_0`1.<Register>b__0(IComponentContext c, IEnumerable`1 p)
   在 Autofac.Builder.RegistrationBuilder.<>c__DisplayClass0_0`1.<ForDelegate>b__0(IComponentContext c, IEnumerable`1 p)
   在 Autofac.Core.Activators.Delegate.DelegateActivator.ActivateInstance(IComponentContext context, IEnumerable`1 parameters)
   在 Autofac.Core.Resolving.InstanceLookup.Activate(IEnumerable`1 parameters)
2017/7/17 10:16:44|13|Error|Application Error: System.ArgumentException: 找不到请求的 .Net Framework Data Provider。可能没有安装。
   在 System.Data.Common.DbProviderFactories.GetFactory(String providerInvariantName)
   在 System.Data.Entity.Infrastructure.DependencyResolution.DefaultProviderFactoryResolver.GetService(Type type, Object key, Func`3 handleFailedLookup)
2017/7/17 10:30:06|14|Error|Application Error: Microsoft.CSharp.RuntimeBinder.RuntimeBinderException: 无法对 null 引用执行运行时绑定
   在 CallSite.Target(Closure , CallSite , Object )
   在 System.Dynamic.UpdateDelegates.UpdateAndExecute1[T0,TRet](CallSite site, T0 arg0)
   在 ASP._Page_Views_Shared_ProductsPartial_cshtml.Execute() 位置 f:\Github2018\LCL\trunk\LCLDemo\LCL.WebMvc\Views\Shared\ProductsPartial.cshtml:行号 10
   在 System.Web.WebPages.WebPageBase.ExecutePageHierarchy()
   在 System.Web.Mvc.WebViewPage.ExecutePageHierarchy()
   在 System.Web.WebPages.WebPageBase.ExecutePageHierarchy(WebPageContext pageContext, TextWriter writer, WebPageRenderingBase startPage)
   在 System.Web.Mvc.RazorView.RenderView(ViewContext viewContext, TextWriter writer, Object instance)
   在 System.Web.Mvc.BuildManagerCompiledView.Render(ViewContext viewContext, TextWriter writer)
   在 System.Web.Mvc.ViewResultBase.ExecuteResult(ControllerContext context)
   在 System.Web.Mvc.ControllerActionInvoker.InvokeActionResult(ControllerContext controllerContext, ActionResult actionResult)
   在 System.Web.Mvc.ControllerActionInvoker.InvokeActionResultFilterRecursive(IList`1 filters, Int32 filterIndex, ResultExecutingContext preContext, ControllerContext controllerContext, ActionResult actionResult)
   在 System.Web.Mvc.ControllerActionInvoker.InvokeActionResultFilterRecursive(IList`1 filters, Int32 filterIndex, ResultExecutingContext preContext, ControllerContext controllerContext, ActionResult actionResult)
   在 System.Web.Mvc.ControllerActionInvoker.InvokeActionResultFilterRecursive(IList`1 filters, Int32 filterIndex, ResultExecutingContext preContext, ControllerContext controllerContext, ActionResult actionResult)
   在 System.Web.Mvc.ControllerActionInvoker.InvokeActionResultWithFilters(ControllerContext controllerContext, IList`1 filters, ActionResult actionResult)
   在 System.Web.Mvc.Async.AsyncControllerActionInvoker.<>c__DisplayClass21.<>c__DisplayClass2b.<BeginInvokeAction>b__1c()
   在 System.Web.Mvc.Async.AsyncControllerActionInvoker.<>c__DisplayClass21.<BeginInvokeAction>b__1e(IAsyncResult asyncResult)
   在 System.Web.Mvc.Async.AsyncResultWrapper.WrappedAsyncResult`1.CallEndDelegate(IAsyncResult asyncResult)
   在 System.Web.Mvc.Async.AsyncResultWrapper.WrappedAsyncResultBase`1.End()
   在 System.Web.Mvc.Async.AsyncControllerActionInvoker.EndInvokeAction(IAsyncResult asyncResult)
   在 System.Web.Mvc.Controller.<BeginExecuteCore>b__1d(IAsyncResult asyncResult, ExecuteCoreState innerState)
   在 System.Web.Mvc.Async.AsyncResultWrapper.WrappedAsyncVoid`1.CallEndDelegate(IAsyncResult asyncResult)
   在 System.Web.Mvc.Async.AsyncResultWrapper.WrappedAsyncResultBase`1.End()
   在 System.Web.Mvc.Controller.EndExecuteCore(IAsyncResult asyncResult)
   在 System.Web.Mvc.Controller.<BeginExecute>b__15(IAsyncResult asyncResult, Controller controller)
   在 System.Web.Mvc.Async.AsyncResultWrapper.WrappedAsyncVoid`1.CallEndDelegate(IAsyncResult asyncResult)
   在 System.Web.Mvc.Async.AsyncResultWrapper.WrappedAsyncResultBase`1.End()
   在 System.Web.Mvc.Controller.EndExecute(IAsyncResult asyncResult)
   在 System.Web.Mvc.Controller.System.Web.Mvc.Async.IAsyncController.EndExecute(IAsyncResult asyncResult)
   在 System.Web.Mvc.MvcHandler.<BeginProcessRequest>b__5(IAsyncResult asyncResult, ProcessRequestState innerState)
   在 System.Web.Mvc.Async.AsyncResultWrapper.WrappedAsyncVoid`1.CallEndDelegate(IAsyncResult asyncResult)
   在 System.Web.Mvc.Async.AsyncResultWrapper.WrappedAsyncResultBase`1.End()
   在 System.Web.Mvc.MvcHandler.EndProcessRequest(IAsyncResult asyncResult)
   在 System.Web.Mvc.MvcHandler.System.Web.IHttpAsyncHandler.EndProcessRequest(IAsyncResult result)
   在 System.Web.Mvc.HttpHandlerUtil.ServerExecuteHttpHandlerAsyncWrapper.<>c__DisplayClassa.<EndProcessRequest>b__9()
   在 System.Web.Mvc.HttpHandlerUtil.ServerExecuteHttpHandlerWrapper.<>c__DisplayClass4.<Wrap>b__3()
   在 System.Web.Mvc.HttpHandlerUtil.ServerExecuteHttpHandlerWrapper.Wrap[TResult](Func`1 func)
   在 System.Web.Mvc.HttpHandlerUtil.ServerExecuteHttpHandlerWrapper.Wrap(Action action)
   在 System.Web.Mvc.HttpHandlerUtil.ServerExecuteHttpHandlerAsyncWrapper.EndProcessRequest(IAsyncResult result)
   在 System.Web.HttpServerUtility.ExecuteInternal(IHttpHandler handler, TextWriter writer, Boolean preserveForm, Boolean setPreviousPage, VirtualPath path, VirtualPath filePath, String physPath, Exception error, String queryStringOverride)
2017/7/17 10:36:27|8|Error|Application Error: Microsoft.CSharp.RuntimeBinder.RuntimeBinderException: 无法对 null 引用执行运行时绑定
   在 CallSite.Target(Closure , CallSite , Object )
   在 System.Dynamic.UpdateDelegates.UpdateAndExecute1[T0,TRet](CallSite site, T0 arg0)
   在 ASP._Page_Views_Shared_ProductsPartial_cshtml.Execute() 位置 f:\Github2018\LCL\trunk\LCLDemo\LCL.WebMvc\Views\Shared\ProductsPartial.cshtml:行号 10
   在 System.Web.WebPages.WebPageBase.ExecutePageHierarchy()
   在 System.Web.Mvc.WebViewPage.ExecutePageHierarchy()
   在 System.Web.WebPages.WebPageBase.ExecutePageHierarchy(WebPageContext pageContext, TextWriter writer, WebPageRenderingBase startPage)
   在 System.Web.Mvc.RazorView.RenderView(ViewContext viewContext, TextWriter writer, Object instance)
   在 System.Web.Mvc.BuildManagerCompiledView.Render(ViewContext viewContext, TextWriter writer)
   在 System.Web.Mvc.ViewResultBase.ExecuteResult(ControllerContext context)
   在 System.Web.Mvc.ControllerActionInvoker.InvokeActionResult(ControllerContext controllerContext, ActionResult actionResult)
   在 System.Web.Mvc.ControllerActionInvoker.InvokeActionResultFilterRecursive(IList`1 filters, Int32 filterIndex, ResultExecutingContext preContext, ControllerContext controllerContext, ActionResult actionResult)
   在 System.Web.Mvc.ControllerActionInvoker.InvokeActionResultFilterRecursive(IList`1 filters, Int32 filterIndex, ResultExecutingContext preContext, ControllerContext controllerContext, ActionResult actionResult)
   在 System.Web.Mvc.ControllerActionInvoker.InvokeActionResultFilterRecursive(IList`1 filters, Int32 filterIndex, ResultExecutingContext preContext, ControllerContext controllerContext, ActionResult actionResult)
   在 System.Web.Mvc.ControllerActionInvoker.InvokeActionResultWithFilters(ControllerContext controllerContext, IList`1 filters, ActionResult actionResult)
   在 System.Web.Mvc.Async.AsyncControllerActionInvoker.<>c__DisplayClass21.<>c__DisplayClass2b.<BeginInvokeAction>b__1c()
   在 System.Web.Mvc.Async.AsyncControllerActionInvoker.<>c__DisplayClass21.<BeginInvokeAction>b__1e(IAsyncResult asyncResult)
   在 System.Web.Mvc.Async.AsyncResultWrapper.WrappedAsyncResult`1.CallEndDelegate(IAsyncResult asyncResult)
   在 System.Web.Mvc.Async.AsyncResultWrapper.WrappedAsyncResultBase`1.End()
   在 System.Web.Mvc.Async.AsyncControllerActionInvoker.EndInvokeAction(IAsyncResult asyncResult)
   在 System.Web.Mvc.Controller.<BeginExecuteCore>b__1d(IAsyncResult asyncResult, ExecuteCoreState innerState)
   在 System.Web.Mvc.Async.AsyncResultWrapper.WrappedAsyncVoid`1.CallEndDelegate(IAsyncResult asyncResult)
   在 System.Web.Mvc.Async.AsyncResultWrapper.WrappedAsyncResultBase`1.End()
   在 System.Web.Mvc.Controller.EndExecuteCore(IAsyncResult asyncResult)
   在 System.Web.Mvc.Controller.<BeginExecute>b__15(IAsyncResult asyncResult, Controller controller)
   在 System.Web.Mvc.Async.AsyncResultWrapper.WrappedAsyncVoid`1.CallEndDelegate(IAsyncResult asyncResult)
   在 System.Web.Mvc.Async.AsyncResultWrapper.WrappedAsyncResultBase`1.End()
   在 System.Web.Mvc.Controller.EndExecute(IAsyncResult asyncResult)
   在 System.Web.Mvc.Controller.System.Web.Mvc.Async.IAsyncController.EndExecute(IAsyncResult asyncResult)
   在 System.Web.Mvc.MvcHandler.<BeginProcessRequest>b__5(IAsyncResult asyncResult, ProcessRequestState innerState)
   在 System.Web.Mvc.Async.AsyncResultWrapper.WrappedAsyncVoid`1.CallEndDelegate(IAsyncResult asyncResult)
   在 System.Web.Mvc.Async.AsyncResultWrapper.WrappedAsyncResultBase`1.End()
   在 System.Web.Mvc.MvcHandler.EndProcessRequest(IAsyncResult asyncResult)
   在 System.Web.Mvc.MvcHandler.System.Web.IHttpAsyncHandler.EndProcessRequest(IAsyncResult result)
   在 System.Web.Mvc.HttpHandlerUtil.ServerExecuteHttpHandlerAsyncWrapper.<>c__DisplayClassa.<EndProcessRequest>b__9()
   在 System.Web.Mvc.HttpHandlerUtil.ServerExecuteHttpHandlerWrapper.<>c__DisplayClass4.<Wrap>b__3()
   在 System.Web.Mvc.HttpHandlerUtil.ServerExecuteHttpHandlerWrapper.Wrap[TResult](Func`1 func)
   在 System.Web.Mvc.HttpHandlerUtil.ServerExecuteHttpHandlerWrapper.Wrap(Action action)
   在 System.Web.Mvc.HttpHandlerUtil.ServerExecuteHttpHandlerAsyncWrapper.EndProcessRequest(IAsyncResult result)
   在 System.Web.HttpServerUtility.ExecuteInternal(IHttpHandler handler, TextWriter writer, Boolean preserveForm, Boolean setPreviousPage, VirtualPath path, VirtualPath filePath, String physPath, Exception error, String queryStringOverride)
2017/7/17 16:50:55|7|Error|Application Error: System.Web.HttpCompileException (0x80004005): c:\Windows\Microsoft.NET\Framework\v4.0.30319\Temporary ASP.NET Files\vs\9d4a7999\2830763d\App_Web_index.cshtml.a8d08dba.ssboovtf.0.cs(32): error CS0234: 命名空间“LCL.Web”中不存在类型或命名空间名称“Framework”(是否缺少程序集引用?)
   在 System.Web.Compilation.AssemblyBuilder.Compile()
   在 System.Web.Compilation.BuildProvidersCompiler.PerformBuild()
   在 System.Web.Compilation.BuildManager.CompileWebFile(VirtualPath virtualPath)
   在 System.Web.Compilation.BuildManager.GetVPathBuildResultInternal(VirtualPath virtualPath, Boolean noBuild, Boolean allowCrossApp, Boolean allowBuildInPrecompile, Boolean throwIfNotFound, Boolean ensureIsUpToDate)
   在 System.Web.Compilation.BuildManager.GetVPathBuildResultWithNoAssert(HttpContext context, VirtualPath virtualPath, Boolean noBuild, Boolean allowCrossApp, Boolean allowBuildInPrecompile, Boolean throwIfNotFound, Boolean ensureIsUpToDate)
   在 System.Web.Compilation.BuildManager.GetVirtualPathObjectFactory(VirtualPath virtualPath, HttpContext context, Boolean allowCrossApp, Boolean throwIfNotFound)
   在 System.Web.Compilation.BuildManager.GetCompiledType(VirtualPath virtualPath)
   在 System.Web.Compilation.BuildManager.GetCompiledType(String virtualPath)
   在 System.Web.Mvc.BuildManagerWrapper.System.Web.Mvc.IBuildManager.GetCompiledType(String virtualPath)
   在 System.Web.Mvc.BuildManagerCompiledView.Render(ViewContext viewContext, TextWriter writer)
   在 System.Web.Mvc.ViewResultBase.ExecuteResult(ControllerContext context)
   在 System.Web.Mvc.ControllerActionInvoker.InvokeActionResult(ControllerContext controllerContext, ActionResult actionResult)
   在 System.Web.Mvc.ControllerActionInvoker.InvokeActionResultFilterRecursive(IList`1 filters, Int32 filterIndex, ResultExecutingContext preContext, ControllerContext controllerContext, ActionResult actionResult)
   在 System.Web.Mvc.ControllerActionInvoker.InvokeActionResultFilterRecursive(IList`1 filters, Int32 filterIndex, ResultExecutingContext preContext, ControllerContext controllerContext, ActionResult actionResult)
   在 System.Web.Mvc.ControllerActionInvoker.InvokeActionResultFilterRecursive(IList`1 filters, Int32 filterIndex, ResultExecutingContext preContext, ControllerContext controllerContext, ActionResult actionResult)
   在 System.Web.Mvc.ControllerActionInvoker.InvokeActionResultWithFilters(ControllerContext controllerContext, IList`1 filters, ActionResult actionResult)
   在 System.Web.Mvc.Async.AsyncControllerActionInvoker.<>c__DisplayClass21.<>c__DisplayClass2b.<BeginInvokeAction>b__1c()
   在 System.Web.Mvc.Async.AsyncControllerActionInvoker.<>c__DisplayClass21.<BeginInvokeAction>b__1e(IAsyncResult asyncResult)
   在 System.Web.Mvc.Async.AsyncResultWrapper.WrappedAsyncResult`1.CallEndDelegate(IAsyncResult asyncResult)
   在 System.Web.Mvc.Async.AsyncResultWrapper.WrappedAsyncResultBase`1.End()
   在 System.Web.Mvc.Async.AsyncControllerActionInvoker.EndInvokeAction(IAsyncResult asyncResult)
   在 System.Web.Mvc.Controller.<BeginExecuteCore>b__1d(IAsyncResult asyncResult, ExecuteCoreState innerState)
   在 System.Web.Mvc.Async.AsyncResultWrapper.WrappedAsyncVoid`1.CallEndDelegate(IAsyncResult asyncResult)
   在 System.Web.Mvc.Async.AsyncResultWrapper.WrappedAsyncResultBase`1.End()
   在 System.Web.Mvc.Controller.EndExecuteCore(IAsyncResult asyncResult)
   在 System.Web.Mvc.Controller.<BeginExecute>b__15(IAsyncResult asyncResult, Controller controller)
   在 System.Web.Mvc.Async.AsyncResultWrapper.WrappedAsyncVoid`1.CallEndDelegate(IAsyncResult asyncResult)
   在 System.Web.Mvc.Async.AsyncResultWrapper.WrappedAsyncResultBase`1.End()
   在 System.Web.Mvc.Controller.EndExecute(IAsyncResult asyncResult)
   在 System.Web.Mvc.Controller.System.Web.Mvc.Async.IAsyncController.EndExecute(IAsyncResult asyncResult)
   在 System.Web.Mvc.MvcHandler.<BeginProcessRequest>b__5(IAsyncResult asyncResult, ProcessRequestState innerState)
   在 System.Web.Mvc.Async.AsyncResultWrapper.WrappedAsyncVoid`1.CallEndDelegate(IAsyncResult asyncResult)
   在 System.Web.Mvc.Async.AsyncResultWrapper.WrappedAsyncResultBase`1.End()
   在 System.Web.Mvc.MvcHandler.EndProcessRequest(IAsyncResult asyncResult)
   在 System.Web.Mvc.MvcHandler.System.Web.IHttpAsyncHandler.EndProcessRequest(IAsyncResult result)
   在 System.Web.HttpApplication.CallHandlerExecutionStep.System.Web.HttpApplication.IExecutionStep.Execute()
   在 System.Web.HttpApplication.ExecuteStep(IExecutionStep step, Boolean& completedSynchronously)
